pi@raspberrypi:~/actions-runner $ ./config.sh --url https://github.com/experientials/ziloo-firmware --token AAARXPQN6H7LHWGV6V7Z5I3BA3WKM

--------------------------------------------------------------------------------
|        ____ _ _   _   _       _          _        _   _                      |
|       / ___(_) |_| | | |_   _| |__      / \   ___| |_(_) ___  _ __  ___      |
|      | |  _| | __| |_| | | | | '_ \    / _ \ / __| __| |/ _ \| '_ \/ __|     |
|      | |_| | | |_|  _  | |_| | |_) |  / ___ \ (__| |_| | (_) | | | \__ \     |
|       \____|_|\__|_| |_|\__,_|_.__/  /_/   \_\___|\__|_|\___/|_| |_|___/     |
|                                                                              |
|                       Self-hosted runner registration                        |
|                                                                              |
--------------------------------------------------------------------------------

# Authentication


√ Connected to GitHub

# Runner Registration

Enter the name of the runner group to add this runner to: [press Enter for Default] 

Enter the name of runner: [press Enter for raspberrypi] ziloo-rpi-400

This runner will have the following labels: 'self-hosted', 'Linux', 'ARM' 
Enter any additional labels (ex. label-1,label-2): [press Enter to skip] raspbian

√ Runner successfully added
√ Runner connection is good

# Runner settings

Enter name of work folder: [press Enter for _work] 

√ Settings Saved.
